<?xml version="1.0" encoding="UTF-8"?>
<!-- Generated by org.testng.reporters.JUnitXMLReporter -->
<testsuite hostname="mp-ubn004" ignored="0" name="Track_That_Login_Test" tests="1" failures="1" timestamp="11 Sep 2019 12:23:59 GMT" time="4.661" errors="0">
  <testcase name="loginSuperadmin" time="0.016" classname="Tescases.Login_Page_Test_01">
    <failure type="java.lang.NullPointerException">
      <![CDATA[java.lang.NullPointerException
at Tescases.Login_Page_Test_01.loginSuperadmin(Login_Page_Test_01.java:79)
... Removed 25 stack frames]]>
    </failure>
  </testcase> <!-- loginSuperadmin -->
</testsuite> <!-- Track_That_Login_Test -->
